<?xml version="1.0" encoding="UTF-8"?>
<!-- Generated by org.testng.reporters.JUnitXMLReporter -->
<testsuite hostname="saidinesh-mbp" ignored="0" name="Test" tests="1" failures="0" timestamp="27 Apr 2019 15:54:17 GMT" time="0.051" errors="0">
  <testcase name="@BeforeTest opendriver" time="0.0" classname="com.herokuapp.matchingalgo.sweeten.LaunchBrowser">
    <failure type="org.testng.TestNGException" message="
Parameter &amp;apos;browser&amp;apos; is required by BeforeTest on method opendriver but has not been marked @Optional or defined
in /Users/saidinesh/workspace/Sweeten/testng.xml">
      <![CDATA[org.testng.TestNGException: 
Parameter 'browser' is required by BeforeTest on method opendriver but has not been marked @Optional or defined
in /Users/saidinesh/workspace/Sweeten/testng.xml
... Removed 21 stack frames]]>
    </failure>
  </testcase> <!-- @BeforeTest opendriver -->
  <testcase name="@AfterTest terminateBrowser" time="0.0" classname="com.herokuapp.matchingalgo.sweeten.LaunchBrowser">
    <skipped/>
  </testcase> <!-- @AfterTest terminateBrowser -->
  <testcase name="Excelapplicationresponse" time="0.0" classname="com.herokuapp.matchingalgo.sweeten.Responseapps">
    <skipped/>
  </testcase> <!-- Excelapplicationresponse -->
</testsuite> <!-- Test -->
